<?xml version="1.0" encoding="UTF-8"?>
<!-- Generated by org.testng.reporters.JUnitReportReporter -->
<testsuite skipped="0" hostname="DESKTOP-50O4S5L" name="testcases.MyAccountTest" tests="7" failures="0" timestamp="21 Jun 2020 13:07:49 GMT" time="119.170" errors="0">
  <testcase name="changeBillingaddress" time="7.750" classname="testcases.MyAccountTest"/>
  <testcase name="changeBillingaddress" time="8.153" classname="testcases.MyAccountTest"/>
  <testcase name="changeBillingaddress" time="8.063" classname="testcases.MyAccountTest"/>
  <testcase name="changeBillingaddress" time="7.300" classname="testcases.MyAccountTest"/>
  <testcase name="changeBillingaddress" time="7.405" classname="testcases.MyAccountTest"/>
  <testcase name="changeBillingaddress" time="8.439" classname="testcases.MyAccountTest"/>
  <testcase name="changeBillingaddress" time="72.060" classname="testcases.MyAccountTest"/>
</testsuite> <!-- testcases.MyAccountTest -->
