<?xml version="1.0" encoding="UTF-8"?>
<!-- Generated by org.testng.reporters.JUnitReportReporter -->
<testsuite skipped="0" hostname="DESKTOP-50O4S5L" name="testcases.WishListTest" tests="1" failures="0" timestamp="22 Jun 2020 09:13:39 GMT" time="41.641" errors="0">
  <testcase name="checkButtonWithProduct" time="41.641" classname="testcases.WishListTest"/>
</testsuite> <!-- testcases.WishListTest -->
