<?xml version="1.0" encoding="UTF-8"?>
<!-- Generated by org.testng.reporters.JUnitReportReporter -->
<testsuite skipped="0" hostname="DESKTOP-50O4S5L" name="testcases.LogoutTest" tests="2" failures="0" timestamp="18 Jun 2020 09:25:51 GMT" time="27.452" errors="0">
  <testcase name="canLogin" time="16.442" classname="testcases.LogoutTest"/>
  <testcase name="logout" time="11.010" classname="testcases.LogoutTest"/>
</testsuite> <!-- testcases.LogoutTest -->
