<?xml version="1.0" encoding="UTF-8"?>
<!-- Generated by org.testng.reporters.JUnitReportReporter -->
<testsuite skipped="0" hostname="DESKTOP-50O4S5L" name="testcases.CategoryPageTest" tests="1" failures="0" timestamp="30 Jun 2020 11:24:06 GMT" time="14.687" errors="0">
  <testcase name="combineFilter" time="14.687" classname="testcases.CategoryPageTest"/>
</testsuite> <!-- testcases.CategoryPageTest -->
