<?xml version="1.0" encoding="UTF-8"?>
<!-- Generated by org.testng.reporters.JUnitReportReporter -->
<testsuite skipped="0" hostname="DESKTOP-50O4S5L" name="testcases.SignUpTest" tests="5" failures="0" timestamp="18 Jun 2020 11:43:02 GMT" time="29.220" errors="0">
  <testcase name="checkRequiredForm" time="4.667" classname="testcases.SignUpTest"/>
  <testcase name="checkRequiredForm" time="4.607" classname="testcases.SignUpTest"/>
  <testcase name="checkRequiredForm" time="4.543" classname="testcases.SignUpTest"/>
  <testcase name="checkRequiredForm" time="10.700" classname="testcases.SignUpTest"/>
  <testcase name="checkRequiredForm" time="4.703" classname="testcases.SignUpTest"/>
</testsuite> <!-- testcases.SignUpTest -->
