<?xml version="1.0" encoding="UTF-8"?>
<!-- Generated by org.testng.reporters.JUnitReportReporter -->
<testsuite skipped="0" hostname="DESKTOP-50O4S5L" name="testcases.HomePageTest" tests="1" failures="0" timestamp="19 Jun 2020 04:35:35 GMT" time="8.216" errors="0">
  <testcase name="checkLinkCreateAccount" time="8.216" classname="testcases.HomePageTest"/>
</testsuite> <!-- testcases.HomePageTest -->
