<?xml version="1.0" encoding="UTF-8"?>
<!-- Generated by org.testng.reporters.JUnitReportReporter -->
<testsuite skipped="0" hostname="DESKTOP-50O4S5L" name="testcases.LoginTest" tests="1" failures="0" timestamp="16 Jun 2020 03:29:14 GMT" time="8.130" errors="0">
  <testcase name="emptyEmail" time="8.130" classname="testcases.LoginTest"/>
</testsuite> <!-- testcases.LoginTest -->
